<?xml version="1.0" encoding="UTF-8"?>
<testng-results ignored="0" total="1" passed="1" failed="0" skipped="0">
  <reporter-output>
  </reporter-output>
  <suite started-at="2024-03-28T15:28:50 IST" name="Suite" finished-at="2024-03-28T15:28:59 IST" duration-ms="9228">
    <groups>
    </groups>
    <test started-at="2024-03-28T15:28:50 IST" name="Test" finished-at="2024-03-28T15:28:59 IST" duration-ms="9228">
      <class name="mavenTest.MavenDemo.Login">
        <test-method signature="LoginTest()[pri:0, instance:mavenTest.MavenDemo.Login@48fa0f47]" started-at="2024-03-28T15:28:50 IST" name="LoginTest" finished-at="2024-03-28T15:28:59 IST" duration-ms="9190" status="PASS">
          <reporter-output>
          </reporter-output>
        </test-method> <!-- LoginTest -->
      </class> <!-- mavenTest.MavenDemo.Login -->
    </test> <!-- Test -->
  </suite> <!-- Suite -->
</testng-results>
