<?xml version="1.0" encoding="UTF-8"?>
<testng-results ignored="0" total="1" passed="1" failed="0" skipped="0">
  <reporter-output>
  </reporter-output>
  <suite started-at="2024-03-27T19:18:40 IST" name="Default suite" finished-at="2024-03-27T19:18:49 IST" duration-ms="9213">
    <groups>
    </groups>
    <test started-at="2024-03-27T19:18:40 IST" name="Default test" finished-at="2024-03-27T19:18:49 IST" duration-ms="9213">
      <class name="mavenTest.MavenDemo.Login">
        <test-method signature="LoginTest()[pri:0, instance:mavenTest.MavenDemo.Login@6e20b53a]" started-at="2024-03-27T19:18:40 IST" name="LoginTest" finished-at="2024-03-27T19:18:49 IST" duration-ms="9171" status="PASS">
          <reporter-output>
          </reporter-output>
        </test-method> <!-- LoginTest -->
      </class> <!-- mavenTest.MavenDemo.Login -->
    </test> <!-- Default test -->
  </suite> <!-- Default suite -->
</testng-results>
